2015.05.05 17:31:09 org.jivesoftware.util.Log - Admin Lib Directory C:\wokspace\openfire/plugins/admin/webapp/WEB-INF/lib does not exist. Web admin console may not work.
2015.05.05 17:31:09 org.jivesoftware.openfire.container.PluginManager - No plugin loader found for broadcast
2015.05.05 17:31:12 org.jivesoftware.openfire.container.PluginManager - No plugin loader found for clientControl
2015.05.05 17:31:14 org.jivesoftware.openfire.container.PluginManager - No plugin loader found for clustering
2015.05.05 17:31:16 org.jivesoftware.openfire.container.PluginManager - No plugin loader found for contentFilter
2015.05.05 17:31:18 org.jivesoftware.openfire.container.PluginManager - No plugin loader found for dbaccess
2015.05.05 17:31:20 org.jivesoftware.openfire.container.PluginManager - No plugin loader found for emailListener
2015.05.05 17:31:22 org.jivesoftware.openfire.container.PluginManager - No plugin loader found for fastpath
2015.05.05 17:31:24 org.jivesoftware.openfire.container.PluginManager - No plugin loader found for gojara
2015.05.05 17:31:26 org.jivesoftware.openfire.container.PluginManager - No plugin loader found for hazelcast
2015.05.05 17:31:29 org.jivesoftware.openfire.container.PluginManager - No plugin loader found for jingleNodes
2015.05.05 17:31:31 org.jivesoftware.openfire.container.PluginManager - No plugin loader found for jitsivideobridge
2015.05.05 17:31:33 org.jivesoftware.openfire.container.PluginManager - No plugin loader found for justmarried
2015.05.05 17:31:36 org.jivesoftware.openfire.container.PluginManager - No plugin loader found for kraken
2015.05.05 17:31:38 org.jivesoftware.openfire.container.PluginManager - No plugin loader found for loadStats
2015.05.05 17:31:40 org.jivesoftware.openfire.container.PluginManager - No plugin loader found for monitoring
2015.05.05 17:31:42 org.jivesoftware.openfire.container.PluginManager - No plugin loader found for motd
2015.05.05 17:31:44 org.jivesoftware.openfire.container.PluginManager - No plugin loader found for packetFilter
2015.05.05 17:31:46 org.jivesoftware.openfire.container.PluginManager - No plugin loader found for presence
2015.05.05 17:31:48 org.jivesoftware.openfire.container.PluginManager - No plugin loader found for rayo
2015.05.05 17:31:51 org.jivesoftware.openfire.container.PluginManager - No plugin loader found for registration
2015.05.05 17:31:53 org.jivesoftware.openfire.container.PluginManager - No plugin loader found for search
2015.05.05 17:31:55 org.jivesoftware.openfire.container.PluginManager - No plugin loader found for sip
2015.05.05 17:31:57 org.jivesoftware.openfire.container.PluginManager - No plugin loader found for stunserver
2015.05.05 17:31:59 org.jivesoftware.openfire.container.PluginManager - No plugin loader found for subscription
2015.05.05 17:32:01 org.jivesoftware.openfire.container.PluginManager - No plugin loader found for userCreation
2015.05.05 17:32:04 org.jivesoftware.openfire.container.PluginManager - No plugin loader found for userImportExport
2015.05.05 17:32:06 org.jivesoftware.openfire.container.PluginManager - No plugin loader found for userservice
2015.05.05 17:32:29 org.jivesoftware.openfire.container.PluginManager - No plugin loader found for userservice
2015.05.05 17:32:31 org.jivesoftware.openfire.container.PluginManager - No plugin loader found for xmldebugger
2015.05.05 17:32:49 org.eclipse.jetty.servlet.ServletHandler - /login.jsp
org.apache.jasper.JasperException: Unable to compile class for JSP
	at org.apache.jasper.compiler.DefaultErrorHandler.javacError(DefaultErrorHandler.java:96)
	at org.apache.jasper.compiler.ErrorDispatcher.javacError(ErrorDispatcher.java:342)
	at org.apache.jasper.compiler.AntCompiler.generateClass(AntCompiler.java:251)
	at org.apache.jasper.compiler.Compiler.compile(Compiler.java:297)
	at org.apache.jasper.compiler.Compiler.compile(Compiler.java:276)
	at org.apache.jasper.compiler.Compiler.compile(Compiler.java:264)
	at org.apache.jasper.JspCompilationContext.compile(JspCompilationContext.java:563)
	at org.apache.jasper.servlet.JspServletWrapper.service(JspServletWrapper.java:303)
	at org.apache.jasper.servlet.JspServlet.serviceJspFile(JspServlet.java:314)
	at org.apache.jasper.servlet.JspServlet.service(JspServlet.java:264)
	at javax.servlet.http.HttpServlet.service(HttpServlet.java:820)
	at org.eclipse.jetty.servlet.ServletHolder.handle(ServletHolder.java:547)
	at org.eclipse.jetty.servlet.ServletHandler$CachedChain.doFilter(ServletHandler.java:1359)
	at com.opensymphony.module.sitemesh.filter.PageFilter.doFilter(PageFilter.java:39)
	at org.eclipse.jetty.servlet.ServletHandler$CachedChain.doFilter(ServletHandler.java:1330)
	at org.jivesoftware.util.LocaleFilter.doFilter(LocaleFilter.java:74)
	at org.eclipse.jetty.servlet.ServletHandler$CachedChain.doFilter(ServletHandler.java:1330)
	at org.jivesoftware.util.SetCharacterEncodingFilter.doFilter(SetCharacterEncodingFilter.java:50)
	at org.eclipse.jetty.servlet.ServletHandler$CachedChain.doFilter(ServletHandler.java:1330)
	at org.jivesoftware.admin.PluginFilter.doFilter(PluginFilter.java:78)
	at org.eclipse.jetty.servlet.ServletHandler$CachedChain.doFilter(ServletHandler.java:1330)
	at org.jivesoftware.admin.AuthCheckFilter.doFilter(AuthCheckFilter.java:164)
	at org.eclipse.jetty.servlet.ServletHandler$CachedChain.doFilter(ServletHandler.java:1330)
	at org.eclipse.jetty.servlet.ServletHandler.doHandle(ServletHandler.java:478)
	at org.eclipse.jetty.server.handler.ScopedHandler.handle(ScopedHandler.java:119)
	at org.eclipse.jetty.security.SecurityHandler.handle(SecurityHandler.java:520)
	at org.eclipse.jetty.server.session.SessionHandler.doHandle(SessionHandler.java:227)
	at org.eclipse.jetty.server.handler.ContextHandler.doHandle(ContextHandler.java:941)
	at org.eclipse.jetty.servlet.ServletHandler.doScope(ServletHandler.java:409)
	at org.eclipse.jetty.server.session.SessionHandler.doScope(SessionHandler.java:186)
	at org.eclipse.jetty.server.handler.ContextHandler.doScope(ContextHandler.java:875)
	at org.eclipse.jetty.server.handler.ScopedHandler.handle(ScopedHandler.java:117)
	at org.eclipse.jetty.server.handler.ContextHandlerCollection.handle(ContextHandlerCollection.java:250)
	at org.eclipse.jetty.server.handler.HandlerCollection.handle(HandlerCollection.java:149)
	at org.eclipse.jetty.server.handler.HandlerWrapper.handle(HandlerWrapper.java:110)
	at org.eclipse.jetty.server.Server.handle(Server.java:349)
	at org.eclipse.jetty.server.HttpConnection.handleRequest(HttpConnection.java:441)
	at org.eclipse.jetty.server.HttpConnection$RequestHandler.headerComplete(HttpConnection.java:919)
	at org.eclipse.jetty.http.HttpParser.parseNext(HttpParser.java:582)
	at org.eclipse.jetty.http.HttpParser.parseAvailable(HttpParser.java:218)
	at org.eclipse.jetty.server.AsyncHttpConnection.handle(AsyncHttpConnection.java:51)
	at org.eclipse.jetty.io.nio.SelectChannelEndPoint.handle(SelectChannelEndPoint.java:586)
	at org.eclipse.jetty.io.nio.SelectChannelEndPoint$1.run(SelectChannelEndPoint.java:44)
	at org.eclipse.jetty.util.thread.QueuedThreadPool.runJob(QueuedThreadPool.java:598)
	at org.eclipse.jetty.util.thread.QueuedThreadPool$3.run(QueuedThreadPool.java:533)
	at java.lang.Thread.run(Unknown Source)
Caused by: Unable to find a javac compiler;
com.sun.tools.javac.Main is not on the classpath.
Perhaps JAVA_HOME does not point to the JDK
	at org.apache.tools.ant.taskdefs.compilers.CompilerAdapterFactory.getCompiler(CompilerAdapterFactory.java:105)
	at org.apache.tools.ant.taskdefs.Javac.compile(Javac.java:924)
	at org.apache.tools.ant.taskdefs.Javac.execute(Javac.java:757)
	at org.apache.jasper.compiler.AntCompiler.generateClass(AntCompiler.java:219)
	... 43 more
2015.05.05 17:34:02 org.eclipse.jetty.servlet.ServletHandler - /login.jsp
org.apache.jasper.JasperException: Unable to compile class for JSP
	at org.apache.jasper.compiler.DefaultErrorHandler.javacError(DefaultErrorHandler.java:96)
	at org.apache.jasper.compiler.ErrorDispatcher.javacError(ErrorDispatcher.java:342)
	at org.apache.jasper.compiler.AntCompiler.generateClass(AntCompiler.java:251)
	at org.apache.jasper.compiler.Compiler.compile(Compiler.java:297)
	at org.apache.jasper.compiler.Compiler.compile(Compiler.java:276)
	at org.apache.jasper.compiler.Compiler.compile(Compiler.java:264)
	at org.apache.jasper.JspCompilationContext.compile(JspCompilationContext.java:563)
	at org.apache.jasper.servlet.JspServletWrapper.service(JspServletWrapper.java:303)
	at org.apache.jasper.servlet.JspServlet.serviceJspFile(JspServlet.java:314)
	at org.apache.jasper.servlet.JspServlet.service(JspServlet.java:264)
	at javax.servlet.http.HttpServlet.service(HttpServlet.java:820)
	at org.eclipse.jetty.servlet.ServletHolder.handle(ServletHolder.java:547)
	at org.eclipse.jetty.servlet.ServletHandler$CachedChain.doFilter(ServletHandler.java:1359)
	at com.opensymphony.module.sitemesh.filter.PageFilter.doFilter(PageFilter.java:39)
	at org.eclipse.jetty.servlet.ServletHandler$CachedChain.doFilter(ServletHandler.java:1330)
	at org.jivesoftware.util.LocaleFilter.doFilter(LocaleFilter.java:74)
	at org.eclipse.jetty.servlet.ServletHandler$CachedChain.doFilter(ServletHandler.java:1330)
	at org.jivesoftware.util.SetCharacterEncodingFilter.doFilter(SetCharacterEncodingFilter.java:50)
	at org.eclipse.jetty.servlet.ServletHandler$CachedChain.doFilter(ServletHandler.java:1330)
	at org.jivesoftware.admin.PluginFilter.doFilter(PluginFilter.java:78)
	at org.eclipse.jetty.servlet.ServletHandler$CachedChain.doFilter(ServletHandler.java:1330)
	at org.jivesoftware.admin.AuthCheckFilter.doFilter(AuthCheckFilter.java:164)
	at org.eclipse.jetty.servlet.ServletHandler$CachedChain.doFilter(ServletHandler.java:1330)
	at org.eclipse.jetty.servlet.ServletHandler.doHandle(ServletHandler.java:478)
	at org.eclipse.jetty.server.handler.ScopedHandler.handle(ScopedHandler.java:119)
	at org.eclipse.jetty.security.SecurityHandler.handle(SecurityHandler.java:520)
	at org.eclipse.jetty.server.session.SessionHandler.doHandle(SessionHandler.java:227)
	at org.eclipse.jetty.server.handler.ContextHandler.doHandle(ContextHandler.java:941)
	at org.eclipse.jetty.servlet.ServletHandler.doScope(ServletHandler.java:409)
	at org.eclipse.jetty.server.session.SessionHandler.doScope(SessionHandler.java:186)
	at org.eclipse.jetty.server.handler.ContextHandler.doScope(ContextHandler.java:875)
	at org.eclipse.jetty.server.handler.ScopedHandler.handle(ScopedHandler.java:117)
	at org.eclipse.jetty.server.handler.ContextHandlerCollection.handle(ContextHandlerCollection.java:250)
	at org.eclipse.jetty.server.handler.HandlerCollection.handle(HandlerCollection.java:149)
	at org.eclipse.jetty.server.handler.HandlerWrapper.handle(HandlerWrapper.java:110)
	at org.eclipse.jetty.server.Server.handle(Server.java:349)
	at org.eclipse.jetty.server.HttpConnection.handleRequest(HttpConnection.java:441)
	at org.eclipse.jetty.server.HttpConnection$RequestHandler.headerComplete(HttpConnection.java:919)
	at org.eclipse.jetty.http.HttpParser.parseNext(HttpParser.java:582)
	at org.eclipse.jetty.http.HttpParser.parseAvailable(HttpParser.java:218)
	at org.eclipse.jetty.server.AsyncHttpConnection.handle(AsyncHttpConnection.java:51)
	at org.eclipse.jetty.io.nio.SelectChannelEndPoint.handle(SelectChannelEndPoint.java:586)
	at org.eclipse.jetty.io.nio.SelectChannelEndPoint$1.run(SelectChannelEndPoint.java:44)
	at org.eclipse.jetty.util.thread.QueuedThreadPool.runJob(QueuedThreadPool.java:598)
	at org.eclipse.jetty.util.thread.QueuedThreadPool$3.run(QueuedThreadPool.java:533)
	at java.lang.Thread.run(Unknown Source)
Caused by: Unable to find a javac compiler;
com.sun.tools.javac.Main is not on the classpath.
Perhaps JAVA_HOME does not point to the JDK
	at org.apache.tools.ant.taskdefs.compilers.CompilerAdapterFactory.getCompiler(CompilerAdapterFactory.java:105)
	at org.apache.tools.ant.taskdefs.Javac.compile(Javac.java:924)
	at org.apache.tools.ant.taskdefs.Javac.execute(Javac.java:757)
	at org.apache.jasper.compiler.AntCompiler.generateClass(AntCompiler.java:219)
	... 43 more
2015.05.05 17:35:26 org.eclipse.jetty.servlet.ServletHandler - /login.jsp
org.apache.jasper.JasperException: Unable to compile class for JSP
	at org.apache.jasper.compiler.DefaultErrorHandler.javacError(DefaultErrorHandler.java:96)
	at org.apache.jasper.compiler.ErrorDispatcher.javacError(ErrorDispatcher.java:342)
	at org.apache.jasper.compiler.AntCompiler.generateClass(AntCompiler.java:251)
	at org.apache.jasper.compiler.Compiler.compile(Compiler.java:297)
	at org.apache.jasper.compiler.Compiler.compile(Compiler.java:276)
	at org.apache.jasper.compiler.Compiler.compile(Compiler.java:264)
	at org.apache.jasper.JspCompilationContext.compile(JspCompilationContext.java:563)
	at org.apache.jasper.servlet.JspServletWrapper.service(JspServletWrapper.java:303)
	at org.apache.jasper.servlet.JspServlet.serviceJspFile(JspServlet.java:314)
	at org.apache.jasper.servlet.JspServlet.service(JspServlet.java:264)
	at javax.servlet.http.HttpServlet.service(HttpServlet.java:820)
	at org.eclipse.jetty.servlet.ServletHolder.handle(ServletHolder.java:547)
	at org.eclipse.jetty.servlet.ServletHandler$CachedChain.doFilter(ServletHandler.java:1359)
	at com.opensymphony.module.sitemesh.filter.PageFilter.doFilter(PageFilter.java:39)
	at org.eclipse.jetty.servlet.ServletHandler$CachedChain.doFilter(ServletHandler.java:1330)
	at org.jivesoftware.util.LocaleFilter.doFilter(LocaleFilter.java:74)
	at org.eclipse.jetty.servlet.ServletHandler$CachedChain.doFilter(ServletHandler.java:1330)
	at org.jivesoftware.util.SetCharacterEncodingFilter.doFilter(SetCharacterEncodingFilter.java:50)
	at org.eclipse.jetty.servlet.ServletHandler$CachedChain.doFilter(ServletHandler.java:1330)
	at org.jivesoftware.admin.PluginFilter.doFilter(PluginFilter.java:78)
	at org.eclipse.jetty.servlet.ServletHandler$CachedChain.doFilter(ServletHandler.java:1330)
	at org.jivesoftware.admin.AuthCheckFilter.doFilter(AuthCheckFilter.java:164)
	at org.eclipse.jetty.servlet.ServletHandler$CachedChain.doFilter(ServletHandler.java:1330)
	at org.eclipse.jetty.servlet.ServletHandler.doHandle(ServletHandler.java:478)
	at org.eclipse.jetty.server.handler.ScopedHandler.handle(ScopedHandler.java:119)
	at org.eclipse.jetty.security.SecurityHandler.handle(SecurityHandler.java:520)
	at org.eclipse.jetty.server.session.SessionHandler.doHandle(SessionHandler.java:227)
	at org.eclipse.jetty.server.handler.ContextHandler.doHandle(ContextHandler.java:941)
	at org.eclipse.jetty.servlet.ServletHandler.doScope(ServletHandler.java:409)
	at org.eclipse.jetty.server.session.SessionHandler.doScope(SessionHandler.java:186)
	at org.eclipse.jetty.server.handler.ContextHandler.doScope(ContextHandler.java:875)
	at org.eclipse.jetty.server.handler.ScopedHandler.handle(ScopedHandler.java:117)
	at org.eclipse.jetty.server.handler.ContextHandlerCollection.handle(ContextHandlerCollection.java:250)
	at org.eclipse.jetty.server.handler.HandlerCollection.handle(HandlerCollection.java:149)
	at org.eclipse.jetty.server.handler.HandlerWrapper.handle(HandlerWrapper.java:110)
	at org.eclipse.jetty.server.Server.handle(Server.java:349)
	at org.eclipse.jetty.server.HttpConnection.handleRequest(HttpConnection.java:441)
	at org.eclipse.jetty.server.HttpConnection$RequestHandler.headerComplete(HttpConnection.java:919)
	at org.eclipse.jetty.http.HttpParser.parseNext(HttpParser.java:582)
	at org.eclipse.jetty.http.HttpParser.parseAvailable(HttpParser.java:218)
	at org.eclipse.jetty.server.AsyncHttpConnection.handle(AsyncHttpConnection.java:51)
	at org.eclipse.jetty.io.nio.SelectChannelEndPoint.handle(SelectChannelEndPoint.java:586)
	at org.eclipse.jetty.io.nio.SelectChannelEndPoint$1.run(SelectChannelEndPoint.java:44)
	at org.eclipse.jetty.util.thread.QueuedThreadPool.runJob(QueuedThreadPool.java:598)
	at org.eclipse.jetty.util.thread.QueuedThreadPool$3.run(QueuedThreadPool.java:533)
	at java.lang.Thread.run(Unknown Source)
Caused by: Unable to find a javac compiler;
com.sun.tools.javac.Main is not on the classpath.
Perhaps JAVA_HOME does not point to the JDK
	at org.apache.tools.ant.taskdefs.compilers.CompilerAdapterFactory.getCompiler(CompilerAdapterFactory.java:105)
	at org.apache.tools.ant.taskdefs.Javac.compile(Javac.java:924)
	at org.apache.tools.ant.taskdefs.Javac.execute(Javac.java:757)
	at org.apache.jasper.compiler.AntCompiler.generateClass(AntCompiler.java:219)
	... 43 more
2015.05.05 17:35:29 org.eclipse.jetty.servlet.ServletHandler - /login.jsp
org.apache.jasper.JasperException: Unable to load class for JSP
	at org.apache.jasper.JspCompilationContext.load(JspCompilationContext.java:598)
	at org.apache.jasper.servlet.JspServletWrapper.getServlet(JspServletWrapper.java:147)
	at org.apache.jasper.servlet.JspServletWrapper.service(JspServletWrapper.java:315)
	at org.apache.jasper.servlet.JspServlet.serviceJspFile(JspServlet.java:314)
	at org.apache.jasper.servlet.JspServlet.service(JspServlet.java:264)
	at javax.servlet.http.HttpServlet.service(HttpServlet.java:820)
	at org.eclipse.jetty.servlet.ServletHolder.handle(ServletHolder.java:547)
	at org.eclipse.jetty.servlet.ServletHandler$CachedChain.doFilter(ServletHandler.java:1359)
	at com.opensymphony.module.sitemesh.filter.PageFilter.doFilter(PageFilter.java:39)
	at org.eclipse.jetty.servlet.ServletHandler$CachedChain.doFilter(ServletHandler.java:1330)
	at org.jivesoftware.util.LocaleFilter.doFilter(LocaleFilter.java:74)
	at org.eclipse.jetty.servlet.ServletHandler$CachedChain.doFilter(ServletHandler.java:1330)
	at org.jivesoftware.util.SetCharacterEncodingFilter.doFilter(SetCharacterEncodingFilter.java:50)
	at org.eclipse.jetty.servlet.ServletHandler$CachedChain.doFilter(ServletHandler.java:1330)
	at org.jivesoftware.admin.PluginFilter.doFilter(PluginFilter.java:78)
	at org.eclipse.jetty.servlet.ServletHandler$CachedChain.doFilter(ServletHandler.java:1330)
	at org.jivesoftware.admin.AuthCheckFilter.doFilter(AuthCheckFilter.java:164)
	at org.eclipse.jetty.servlet.ServletHandler$CachedChain.doFilter(ServletHandler.java:1330)
	at org.eclipse.jetty.servlet.ServletHandler.doHandle(ServletHandler.java:478)
	at org.eclipse.jetty.server.handler.ScopedHandler.handle(ScopedHandler.java:119)
	at org.eclipse.jetty.security.SecurityHandler.handle(SecurityHandler.java:520)
	at org.eclipse.jetty.server.session.SessionHandler.doHandle(SessionHandler.java:227)
	at org.eclipse.jetty.server.handler.ContextHandler.doHandle(ContextHandler.java:941)
	at org.eclipse.jetty.servlet.ServletHandler.doScope(ServletHandler.java:409)
	at org.eclipse.jetty.server.session.SessionHandler.doScope(SessionHandler.java:186)
	at org.eclipse.jetty.server.handler.ContextHandler.doScope(ContextHandler.java:875)
	at org.eclipse.jetty.server.handler.ScopedHandler.handle(ScopedHandler.java:117)
	at org.eclipse.jetty.server.handler.ContextHandlerCollection.handle(ContextHandlerCollection.java:250)
	at org.eclipse.jetty.server.handler.HandlerCollection.handle(HandlerCollection.java:149)
	at org.eclipse.jetty.server.handler.HandlerWrapper.handle(HandlerWrapper.java:110)
	at org.eclipse.jetty.server.Server.handle(Server.java:349)
	at org.eclipse.jetty.server.HttpConnection.handleRequest(HttpConnection.java:441)
	at org.eclipse.jetty.server.HttpConnection$RequestHandler.headerComplete(HttpConnection.java:919)
	at org.eclipse.jetty.http.HttpParser.parseNext(HttpParser.java:582)
	at org.eclipse.jetty.http.HttpParser.parseAvailable(HttpParser.java:218)
	at org.eclipse.jetty.server.AsyncHttpConnection.handle(AsyncHttpConnection.java:51)
	at org.eclipse.jetty.io.nio.SelectChannelEndPoint.handle(SelectChannelEndPoint.java:586)
	at org.eclipse.jetty.io.nio.SelectChannelEndPoint$1.run(SelectChannelEndPoint.java:44)
	at org.eclipse.jetty.util.thread.QueuedThreadPool.runJob(QueuedThreadPool.java:598)
	at org.eclipse.jetty.util.thread.QueuedThreadPool$3.run(QueuedThreadPool.java:533)
	at java.lang.Thread.run(Unknown Source)
Caused by: java.lang.ClassNotFoundException: org.apache.jsp.login_jsp
	at java.net.URLClassLoader$1.run(Unknown Source)
	at java.net.URLClassLoader$1.run(Unknown Source)
	at java.security.AccessController.doPrivileged(Native Method)
	at java.net.URLClassLoader.findClass(Unknown Source)
	at org.apache.jasper.servlet.JasperLoader.loadClass(JasperLoader.java:133)
	at org.apache.jasper.servlet.JasperLoader.loadClass(JasperLoader.java:65)
	at org.apache.jasper.JspCompilationContext.load(JspCompilationContext.java:596)
	... 40 more
2015.05.05 17:35:30 org.eclipse.jetty.servlet.ServletHandler - /login.jsp
org.apache.jasper.JasperException: Unable to load class for JSP
	at org.apache.jasper.JspCompilationContext.load(JspCompilationContext.java:598)
	at org.apache.jasper.servlet.JspServletWrapper.getServlet(JspServletWrapper.java:147)
	at org.apache.jasper.servlet.JspServletWrapper.service(JspServletWrapper.java:315)
	at org.apache.jasper.servlet.JspServlet.serviceJspFile(JspServlet.java:314)
	at org.apache.jasper.servlet.JspServlet.service(JspServlet.java:264)
	at javax.servlet.http.HttpServlet.service(HttpServlet.java:820)
	at org.eclipse.jetty.servlet.ServletHolder.handle(ServletHolder.java:547)
	at org.eclipse.jetty.servlet.ServletHandler$CachedChain.doFilter(ServletHandler.java:1359)
	at com.opensymphony.module.sitemesh.filter.PageFilter.doFilter(PageFilter.java:39)
	at org.eclipse.jetty.servlet.ServletHandler$CachedChain.doFilter(ServletHandler.java:1330)
	at org.jivesoftware.util.LocaleFilter.doFilter(LocaleFilter.java:74)
	at org.eclipse.jetty.servlet.ServletHandler$CachedChain.doFilter(ServletHandler.java:1330)
	at org.jivesoftware.util.SetCharacterEncodingFilter.doFilter(SetCharacterEncodingFilter.java:50)
	at org.eclipse.jetty.servlet.ServletHandler$CachedChain.doFilter(ServletHandler.java:1330)
	at org.jivesoftware.admin.PluginFilter.doFilter(PluginFilter.java:78)
	at org.eclipse.jetty.servlet.ServletHandler$CachedChain.doFilter(ServletHandler.java:1330)
	at org.jivesoftware.admin.AuthCheckFilter.doFilter(AuthCheckFilter.java:164)
	at org.eclipse.jetty.servlet.ServletHandler$CachedChain.doFilter(ServletHandler.java:1330)
	at org.eclipse.jetty.servlet.ServletHandler.doHandle(ServletHandler.java:478)
	at org.eclipse.jetty.server.handler.ScopedHandler.handle(ScopedHandler.java:119)
	at org.eclipse.jetty.security.SecurityHandler.handle(SecurityHandler.java:520)
	at org.eclipse.jetty.server.session.SessionHandler.doHandle(SessionHandler.java:227)
	at org.eclipse.jetty.server.handler.ContextHandler.doHandle(ContextHandler.java:941)
	at org.eclipse.jetty.servlet.ServletHandler.doScope(ServletHandler.java:409)
	at org.eclipse.jetty.server.session.SessionHandler.doScope(SessionHandler.java:186)
	at org.eclipse.jetty.server.handler.ContextHandler.doScope(ContextHandler.java:875)
	at org.eclipse.jetty.server.handler.ScopedHandler.handle(ScopedHandler.java:117)
	at org.eclipse.jetty.server.handler.ContextHandlerCollection.handle(ContextHandlerCollection.java:250)
	at org.eclipse.jetty.server.handler.HandlerCollection.handle(HandlerCollection.java:149)
	at org.eclipse.jetty.server.handler.HandlerWrapper.handle(HandlerWrapper.java:110)
	at org.eclipse.jetty.server.Server.handle(Server.java:349)
	at org.eclipse.jetty.server.HttpConnection.handleRequest(HttpConnection.java:441)
	at org.eclipse.jetty.server.HttpConnection$RequestHandler.headerComplete(HttpConnection.java:919)
	at org.eclipse.jetty.http.HttpParser.parseNext(HttpParser.java:582)
	at org.eclipse.jetty.http.HttpParser.parseAvailable(HttpParser.java:218)
	at org.eclipse.jetty.server.AsyncHttpConnection.handle(AsyncHttpConnection.java:51)
	at org.eclipse.jetty.io.nio.SelectChannelEndPoint.handle(SelectChannelEndPoint.java:586)
	at org.eclipse.jetty.io.nio.SelectChannelEndPoint$1.run(SelectChannelEndPoint.java:44)
	at org.eclipse.jetty.util.thread.QueuedThreadPool.runJob(QueuedThreadPool.java:598)
	at org.eclipse.jetty.util.thread.QueuedThreadPool$3.run(QueuedThreadPool.java:533)
	at java.lang.Thread.run(Unknown Source)
Caused by: java.lang.ClassNotFoundException: org.apache.jsp.login_jsp
	at java.net.URLClassLoader$1.run(Unknown Source)
	at java.net.URLClassLoader$1.run(Unknown Source)
	at java.security.AccessController.doPrivileged(Native Method)
	at java.net.URLClassLoader.findClass(Unknown Source)
	at org.apache.jasper.servlet.JasperLoader.loadClass(JasperLoader.java:133)
	at org.apache.jasper.servlet.JasperLoader.loadClass(JasperLoader.java:65)
	at org.apache.jasper.JspCompilationContext.load(JspCompilationContext.java:596)
	... 40 more
2015.05.05 17:35:30 org.eclipse.jetty.servlet.ServletHandler - /login.jsp
org.apache.jasper.JasperException: Unable to compile class for JSP
	at org.apache.jasper.compiler.DefaultErrorHandler.javacError(DefaultErrorHandler.java:96)
	at org.apache.jasper.compiler.ErrorDispatcher.javacError(ErrorDispatcher.java:342)
	at org.apache.jasper.compiler.AntCompiler.generateClass(AntCompiler.java:251)
	at org.apache.jasper.compiler.Compiler.compile(Compiler.java:297)
	at org.apache.jasper.compiler.Compiler.compile(Compiler.java:276)
	at org.apache.jasper.compiler.Compiler.compile(Compiler.java:264)
	at org.apache.jasper.JspCompilationContext.compile(JspCompilationContext.java:563)
	at org.apache.jasper.servlet.JspServletWrapper.service(JspServletWrapper.java:303)
	at org.apache.jasper.servlet.JspServlet.serviceJspFile(JspServlet.java:314)
	at org.apache.jasper.servlet.JspServlet.service(JspServlet.java:264)
	at javax.servlet.http.HttpServlet.service(HttpServlet.java:820)
	at org.eclipse.jetty.servlet.ServletHolder.handle(ServletHolder.java:547)
	at org.eclipse.jetty.servlet.ServletHandler$CachedChain.doFilter(ServletHandler.java:1359)
	at com.opensymphony.module.sitemesh.filter.PageFilter.doFilter(PageFilter.java:39)
	at org.eclipse.jetty.servlet.ServletHandler$CachedChain.doFilter(ServletHandler.java:1330)
	at org.jivesoftware.util.LocaleFilter.doFilter(LocaleFilter.java:74)
	at org.eclipse.jetty.servlet.ServletHandler$CachedChain.doFilter(ServletHandler.java:1330)
	at org.jivesoftware.util.SetCharacterEncodingFilter.doFilter(SetCharacterEncodingFilter.java:50)
	at org.eclipse.jetty.servlet.ServletHandler$CachedChain.doFilter(ServletHandler.java:1330)
	at org.jivesoftware.admin.PluginFilter.doFilter(PluginFilter.java:78)
	at org.eclipse.jetty.servlet.ServletHandler$CachedChain.doFilter(ServletHandler.java:1330)
	at org.jivesoftware.admin.AuthCheckFilter.doFilter(AuthCheckFilter.java:164)
	at org.eclipse.jetty.servlet.ServletHandler$CachedChain.doFilter(ServletHandler.java:1330)
	at org.eclipse.jetty.servlet.ServletHandler.doHandle(ServletHandler.java:478)
	at org.eclipse.jetty.server.handler.ScopedHandler.handle(ScopedHandler.java:119)
	at org.eclipse.jetty.security.SecurityHandler.handle(SecurityHandler.java:520)
	at org.eclipse.jetty.server.session.SessionHandler.doHandle(SessionHandler.java:227)
	at org.eclipse.jetty.server.handler.ContextHandler.doHandle(ContextHandler.java:941)
	at org.eclipse.jetty.servlet.ServletHandler.doScope(ServletHandler.java:409)
	at org.eclipse.jetty.server.session.SessionHandler.doScope(SessionHandler.java:186)
	at org.eclipse.jetty.server.handler.ContextHandler.doScope(ContextHandler.java:875)
	at org.eclipse.jetty.server.handler.ScopedHandler.handle(ScopedHandler.java:117)
	at org.eclipse.jetty.server.handler.ContextHandlerCollection.handle(ContextHandlerCollection.java:250)
	at org.eclipse.jetty.server.handler.HandlerCollection.handle(HandlerCollection.java:149)
	at org.eclipse.jetty.server.handler.HandlerWrapper.handle(HandlerWrapper.java:110)
	at org.eclipse.jetty.server.Server.handle(Server.java:349)
	at org.eclipse.jetty.server.HttpConnection.handleRequest(HttpConnection.java:441)
	at org.eclipse.jetty.server.HttpConnection$RequestHandler.headerComplete(HttpConnection.java:919)
	at org.eclipse.jetty.http.HttpParser.parseNext(HttpParser.java:582)
	at org.eclipse.jetty.http.HttpParser.parseAvailable(HttpParser.java:218)
	at org.eclipse.jetty.server.AsyncHttpConnection.handle(AsyncHttpConnection.java:51)
	at org.eclipse.jetty.io.nio.SelectChannelEndPoint.handle(SelectChannelEndPoint.java:586)
	at org.eclipse.jetty.io.nio.SelectChannelEndPoint$1.run(SelectChannelEndPoint.java:44)
	at org.eclipse.jetty.util.thread.QueuedThreadPool.runJob(QueuedThreadPool.java:598)
	at org.eclipse.jetty.util.thread.QueuedThreadPool$3.run(QueuedThreadPool.java:533)
	at java.lang.Thread.run(Unknown Source)
Caused by: Unable to find a javac compiler;
com.sun.tools.javac.Main is not on the classpath.
Perhaps JAVA_HOME does not point to the JDK
	at org.apache.tools.ant.taskdefs.compilers.CompilerAdapterFactory.getCompiler(CompilerAdapterFactory.java:105)
	at org.apache.tools.ant.taskdefs.Javac.compile(Javac.java:924)
	at org.apache.tools.ant.taskdefs.Javac.execute(Javac.java:757)
	at org.apache.jasper.compiler.AntCompiler.generateClass(AntCompiler.java:219)
	... 43 more
2015.05.05 17:36:06 org.eclipse.jetty.servlet.ServletHandler - /login.jsp
org.apache.jasper.JasperException: Unable to compile class for JSP
	at org.apache.jasper.compiler.DefaultErrorHandler.javacError(DefaultErrorHandler.java:96)
	at org.apache.jasper.compiler.ErrorDispatcher.javacError(ErrorDispatcher.java:342)
	at org.apache.jasper.compiler.AntCompiler.generateClass(AntCompiler.java:251)
	at org.apache.jasper.compiler.Compiler.compile(Compiler.java:297)
	at org.apache.jasper.compiler.Compiler.compile(Compiler.java:276)
	at org.apache.jasper.compiler.Compiler.compile(Compiler.java:264)
	at org.apache.jasper.JspCompilationContext.compile(JspCompilationContext.java:563)
	at org.apache.jasper.servlet.JspServletWrapper.service(JspServletWrapper.java:303)
	at org.apache.jasper.servlet.JspServlet.serviceJspFile(JspServlet.java:314)
	at org.apache.jasper.servlet.JspServlet.service(JspServlet.java:264)
	at javax.servlet.http.HttpServlet.service(HttpServlet.java:820)
	at org.eclipse.jetty.servlet.ServletHolder.handle(ServletHolder.java:547)
	at org.eclipse.jetty.servlet.ServletHandler$CachedChain.doFilter(ServletHandler.java:1359)
	at com.opensymphony.module.sitemesh.filter.PageFilter.doFilter(PageFilter.java:39)
	at org.eclipse.jetty.servlet.ServletHandler$CachedChain.doFilter(ServletHandler.java:1330)
	at org.jivesoftware.util.LocaleFilter.doFilter(LocaleFilter.java:74)
	at org.eclipse.jetty.servlet.ServletHandler$CachedChain.doFilter(ServletHandler.java:1330)
	at org.jivesoftware.util.SetCharacterEncodingFilter.doFilter(SetCharacterEncodingFilter.java:50)
	at org.eclipse.jetty.servlet.ServletHandler$CachedChain.doFilter(ServletHandler.java:1330)
	at org.jivesoftware.admin.PluginFilter.doFilter(PluginFilter.java:78)
	at org.eclipse.jetty.servlet.ServletHandler$CachedChain.doFilter(ServletHandler.java:1330)
	at org.jivesoftware.admin.AuthCheckFilter.doFilter(AuthCheckFilter.java:164)
	at org.eclipse.jetty.servlet.ServletHandler$CachedChain.doFilter(ServletHandler.java:1330)
	at org.eclipse.jetty.servlet.ServletHandler.doHandle(ServletHandler.java:478)
	at org.eclipse.jetty.server.handler.ScopedHandler.handle(ScopedHandler.java:119)
	at org.eclipse.jetty.security.SecurityHandler.handle(SecurityHandler.java:520)
	at org.eclipse.jetty.server.session.SessionHandler.doHandle(SessionHandler.java:227)
	at org.eclipse.jetty.server.handler.ContextHandler.doHandle(ContextHandler.java:941)
	at org.eclipse.jetty.servlet.ServletHandler.doScope(ServletHandler.java:409)
	at org.eclipse.jetty.server.session.SessionHandler.doScope(SessionHandler.java:186)
	at org.eclipse.jetty.server.handler.ContextHandler.doScope(ContextHandler.java:875)
	at org.eclipse.jetty.server.handler.ScopedHandler.handle(ScopedHandler.java:117)
	at org.eclipse.jetty.server.handler.ContextHandlerCollection.handle(ContextHandlerCollection.java:250)
	at org.eclipse.jetty.server.handler.HandlerCollection.handle(HandlerCollection.java:149)
	at org.eclipse.jetty.server.handler.HandlerWrapper.handle(HandlerWrapper.java:110)
	at org.eclipse.jetty.server.Server.handle(Server.java:349)
	at org.eclipse.jetty.server.HttpConnection.handleRequest(HttpConnection.java:441)
	at org.eclipse.jetty.server.HttpConnection$RequestHandler.headerComplete(HttpConnection.java:919)
	at org.eclipse.jetty.http.HttpParser.parseNext(HttpParser.java:582)
	at org.eclipse.jetty.http.HttpParser.parseAvailable(HttpParser.java:218)
	at org.eclipse.jetty.server.AsyncHttpConnection.handle(AsyncHttpConnection.java:51)
	at org.eclipse.jetty.io.nio.SelectChannelEndPoint.handle(SelectChannelEndPoint.java:586)
	at org.eclipse.jetty.io.nio.SelectChannelEndPoint$1.run(SelectChannelEndPoint.java:44)
	at org.eclipse.jetty.util.thread.QueuedThreadPool.runJob(QueuedThreadPool.java:598)
	at org.eclipse.jetty.util.thread.QueuedThreadPool$3.run(QueuedThreadPool.java:533)
	at java.lang.Thread.run(Unknown Source)
Caused by: Unable to find a javac compiler;
com.sun.tools.javac.Main is not on the classpath.
Perhaps JAVA_HOME does not point to the JDK
	at org.apache.tools.ant.taskdefs.compilers.CompilerAdapterFactory.getCompiler(CompilerAdapterFactory.java:105)
	at org.apache.tools.ant.taskdefs.Javac.compile(Javac.java:924)
	at org.apache.tools.ant.taskdefs.Javac.execute(Javac.java:757)
	at org.apache.jasper.compiler.AntCompiler.generateClass(AntCompiler.java:219)
	... 43 more
2015.05.05 17:36:27 org.eclipse.jetty.servlet.ServletHandler - /login.jsp
org.apache.jasper.JasperException: Unable to compile class for JSP
	at org.apache.jasper.compiler.DefaultErrorHandler.javacError(DefaultErrorHandler.java:96)
	at org.apache.jasper.compiler.ErrorDispatcher.javacError(ErrorDispatcher.java:342)
	at org.apache.jasper.compiler.AntCompiler.generateClass(AntCompiler.java:251)
	at org.apache.jasper.compiler.Compiler.compile(Compiler.java:297)
	at org.apache.jasper.compiler.Compiler.compile(Compiler.java:276)
	at org.apache.jasper.compiler.Compiler.compile(Compiler.java:264)
	at org.apache.jasper.JspCompilationContext.compile(JspCompilationContext.java:563)
	at org.apache.jasper.servlet.JspServletWrapper.service(JspServletWrapper.java:303)
	at org.apache.jasper.servlet.JspServlet.serviceJspFile(JspServlet.java:314)
	at org.apache.jasper.servlet.JspServlet.service(JspServlet.java:264)
	at javax.servlet.http.HttpServlet.service(HttpServlet.java:820)
	at org.eclipse.jetty.servlet.ServletHolder.handle(ServletHolder.java:547)
	at org.eclipse.jetty.servlet.ServletHandler$CachedChain.doFilter(ServletHandler.java:1359)
	at com.opensymphony.module.sitemesh.filter.PageFilter.doFilter(PageFilter.java:39)
	at org.eclipse.jetty.servlet.ServletHandler$CachedChain.doFilter(ServletHandler.java:1330)
	at org.jivesoftware.util.LocaleFilter.doFilter(LocaleFilter.java:74)
	at org.eclipse.jetty.servlet.ServletHandler$CachedChain.doFilter(ServletHandler.java:1330)
	at org.jivesoftware.util.SetCharacterEncodingFilter.doFilter(SetCharacterEncodingFilter.java:50)
	at org.eclipse.jetty.servlet.ServletHandler$CachedChain.doFilter(ServletHandler.java:1330)
	at org.jivesoftware.admin.PluginFilter.doFilter(PluginFilter.java:78)
	at org.eclipse.jetty.servlet.ServletHandler$CachedChain.doFilter(ServletHandler.java:1330)
	at org.jivesoftware.admin.AuthCheckFilter.doFilter(AuthCheckFilter.java:164)
	at org.eclipse.jetty.servlet.ServletHandler$CachedChain.doFilter(ServletHandler.java:1330)
	at org.eclipse.jetty.servlet.ServletHandler.doHandle(ServletHandler.java:478)
	at org.eclipse.jetty.server.handler.ScopedHandler.handle(ScopedHandler.java:119)
	at org.eclipse.jetty.security.SecurityHandler.handle(SecurityHandler.java:520)
	at org.eclipse.jetty.server.session.SessionHandler.doHandle(SessionHandler.java:227)
	at org.eclipse.jetty.server.handler.ContextHandler.doHandle(ContextHandler.java:941)
	at org.eclipse.jetty.servlet.ServletHandler.doScope(ServletHandler.java:409)
	at org.eclipse.jetty.server.session.SessionHandler.doScope(SessionHandler.java:186)
	at org.eclipse.jetty.server.handler.ContextHandler.doScope(ContextHandler.java:875)
	at org.eclipse.jetty.server.handler.ScopedHandler.handle(ScopedHandler.java:117)
	at org.eclipse.jetty.server.handler.ContextHandlerCollection.handle(ContextHandlerCollection.java:250)
	at org.eclipse.jetty.server.handler.HandlerCollection.handle(HandlerCollection.java:149)
	at org.eclipse.jetty.server.handler.HandlerWrapper.handle(HandlerWrapper.java:110)
	at org.eclipse.jetty.server.Server.handle(Server.java:349)
	at org.eclipse.jetty.server.HttpConnection.handleRequest(HttpConnection.java:441)
	at org.eclipse.jetty.server.HttpConnection$RequestHandler.headerComplete(HttpConnection.java:919)
	at org.eclipse.jetty.http.HttpParser.parseNext(HttpParser.java:582)
	at org.eclipse.jetty.http.HttpParser.parseAvailable(HttpParser.java:218)
	at org.eclipse.jetty.server.AsyncHttpConnection.handle(AsyncHttpConnection.java:51)
	at org.eclipse.jetty.io.nio.SelectChannelEndPoint.handle(SelectChannelEndPoint.java:586)
	at org.eclipse.jetty.io.nio.SelectChannelEndPoint$1.run(SelectChannelEndPoint.java:44)
	at org.eclipse.jetty.util.thread.QueuedThreadPool.runJob(QueuedThreadPool.java:598)
	at org.eclipse.jetty.util.thread.QueuedThreadPool$3.run(QueuedThreadPool.java:533)
	at java.lang.Thread.run(Unknown Source)
Caused by: Unable to find a javac compiler;
com.sun.tools.javac.Main is not on the classpath.
Perhaps JAVA_HOME does not point to the JDK
	at org.apache.tools.ant.taskdefs.compilers.CompilerAdapterFactory.getCompiler(CompilerAdapterFactory.java:105)
	at org.apache.tools.ant.taskdefs.Javac.compile(Javac.java:924)
	at org.apache.tools.ant.taskdefs.Javac.execute(Javac.java:757)
	at org.apache.jasper.compiler.AntCompiler.generateClass(AntCompiler.java:219)
	... 43 more
